Build started 27-11-2012 PM 06:57:29.
     1>Project "C:\Users\arpit\Documents\FaceTrackingVisualization\SingleFace\SingleFace.vcxproj" on node 2 (build target(s)).
     1>InitializeBuildStatus:
         Creating "C:\Users\arpit\Documents\FaceTrackingVisualization\Int\SingleFace\Win32\Debug\SingleFace.unsuccessfulbuild" because "AlwaysCreate" was specified.
       ClCompile:
         All outputs are up-to-date.
         C:\Program Files (x86)\Microsoft Visual Studio 10.0\VC\bin\CL.exe /c /ZI /nologo /W3 /WX- /Od /Oy- /D WIN32 /D _DEBUG /D _WINDOWS /D _UNICODE /D UNICODE /Gm /EHsc /RTC1 /MDd /GS /fp:precise /Zc:wchar_t /Zc:forScope /Yu"StdAfx.h" /Fp"C:\Users\arpit\Documents\FaceTrackingVisualization\Int\SingleFace\Win32\Debug\SingleFace.pch" /Fo"C:\Users\arpit\Documents\FaceTrackingVisualization\Int\SingleFace\Win32\Debug\\" /Fd"C:\Users\arpit\Documents\FaceTrackingVisualization\Int\SingleFace\Win32\Debug\vc100.pdb" /Gd /TP /analyze- /errorReport:prompt SingleFace.cpp
         SingleFace.cpp
     1>c:\users\arpit\documents\facetrackingvisualization\singleface\singleface.cpp(43): warning C4018: '<' : signed/unsigned mismatch
     1>c:\users\arpit\documents\facetrackingvisualization\singleface\singleface.cpp(156): warning C4996: 'sprintf': This function or variable may be unsafe. Consider using sprintf_s instead. To disable deprecation, use _CRT_SECURE_NO_WARNINGS. See online help for details.
                 c:\program files (x86)\microsoft visual studio 10.0\vc\include\stdio.h(371) : see declaration of 'sprintf'
     1>c:\users\arpit\documents\facetrackingvisualization\singleface\singleface.cpp(172): warning C4996: 'sprintf': This function or variable may be unsafe. Consider using sprintf_s instead. To disable deprecation, use _CRT_SECURE_NO_WARNINGS. See online help for details.
                 c:\program files (x86)\microsoft visual studio 10.0\vc\include\stdio.h(371) : see declaration of 'sprintf'
       ResourceCompile:
         All outputs are up-to-date.
       ManifestResourceCompile:
         All outputs are up-to-date.
       Link:
         C:\Program Files (x86)\Microsoft Visual Studio 10.0\VC\bin\link.exe /ERRORREPORT:PROMPT /OUT:"C:\Users\arpit\Documents\FaceTrackingVisualization\Out\SingleFace\Win32\Debug\SingleFace.exe" /INCREMENTAL /NOLOGO FaceTrackLib.lib Kinect10.lib kernel32.lib user32.lib gdi32.lib winspool.lib comdlg32.lib advapi32.lib shell32.lib ole32.lib oleaut32.lib uuid.lib odbc32.lib odbccp32.lib /MANIFEST /ManifestFile:"C:\Users\arpit\Documents\FaceTrackingVisualization\Int\SingleFace\Win32\Debug\SingleFace.exe.intermediate.manifest" /MANIFESTUAC:"level='asInvoker' uiAccess='false'" /DEBUG /PDB:"C:\Users\arpit\Documents\FaceTrackingVisualization\Out\SingleFace\Win32\Debug\SingleFace.pdb" /SUBSYSTEM:WINDOWS /TLBID:1 /DYNAMICBASE /NXCOMPAT /IMPLIB:"C:\Users\arpit\Documents\FaceTrackingVisualization\Out\SingleFace\Win32\Debug\SingleFace.lib" /MACHINE:X86 C:\Users\arpit\Documents\FaceTrackingVisualization\Int\SingleFace\Win32\Debug\SingleFace.res
         C:\Users\arpit\Documents\FaceTrackingVisualization\Int\SingleFace\Win32\Debug\SingleFace.exe.embed.manifest.res
         C:\Users\arpit\Documents\FaceTrackingVisualization\Int\SingleFace\Win32\Debug\eggavatar.obj
         C:\Users\arpit\Documents\FaceTrackingVisualization\Int\SingleFace\Win32\Debug\SingleFace.obj
         C:\Users\arpit\Documents\FaceTrackingVisualization\Int\SingleFace\Win32\Debug\FTHelper.obj
         C:\Users\arpit\Documents\FaceTrackingVisualization\Int\SingleFace\Win32\Debug\KinectSensor.obj
         C:\Users\arpit\Documents\FaceTrackingVisualization\Int\SingleFace\Win32\Debug\stdafx.obj
         C:\Users\arpit\Documents\FaceTrackingVisualization\Int\SingleFace\Win32\Debug\Visualize.obj
       Manifest:
         C:\Program Files (x86)\Microsoft SDKs\Windows\v7.0A\bin\mt.exe /nologo /verbose /out:"C:\Users\arpit\Documents\FaceTrackingVisualization\Int\SingleFace\Win32\Debug\SingleFace.exe.embed.manifest" /manifest C:\Users\arpit\Documents\FaceTrackingVisualization\Int\SingleFace\Win32\Debug\SingleFace.exe.intermediate.manifest
         All outputs are up-to-date.
       LinkEmbedManifest:
         All outputs are up-to-date.
         SingleFace.vcxproj -> C:\Users\arpit\Documents\FaceTrackingVisualization\Out\SingleFace\Win32\Debug\SingleFace.exe
       PostBuildEvent:
         xcopy "C:\Program Files\Microsoft SDKs\Kinect\Developer Toolkit v1.6.0\Redist\x86\FaceTrackLib.dll" "C:\Users\arpit\Documents\FaceTrackingVisualization\Out\SingleFace\Win32\Debug\" /eiycq
         xcopy "C:\Program Files\Microsoft SDKs\Kinect\Developer Toolkit v1.6.0\Redist\x86\FaceTrackData.dll" "C:\Users\arpit\Documents\FaceTrackingVisualization\Out\SingleFace\Win32\Debug\" /eiycq
         
         :VCEnd
         1 File(s) copied
         1 File(s) copied
       FinalizeBuildStatus:
         Deleting file "C:\Users\arpit\Documents\FaceTrackingVisualization\Int\SingleFace\Win32\Debug\SingleFace.unsuccessfulbuild".
         Touching "C:\Users\arpit\Documents\FaceTrackingVisualization\Int\SingleFace\Win32\Debug\SingleFace.lastbuildstate".
     1>Done Building Project "C:\Users\arpit\Documents\FaceTrackingVisualization\SingleFace\SingleFace.vcxproj" (build target(s)).

Build succeeded.

Time Elapsed 00:00:01.77
