C:\USERS\ARPIT\DOCUMENTS\VISUAL STUDIO 2010\PROJECTS\SOCKET_CLIENT\DEBUG\SOCKET_CLIENT.EXE
C:\USERS\ARPIT\DOCUMENTS\VISUAL STUDIO 2010\PROJECTS\SOCKET_CLIENT\DEBUG\SOCKET_CLIENT.ILK
C:\USERS\ARPIT\DOCUMENTS\VISUAL STUDIO 2010\PROJECTS\SOCKET_CLIENT\DEBUG\SOCKET_CLIENT.PDB
C:\Users\arpit\documents\visual studio 2010\Projects\socket_client\socket_client\Debug\cl.command.1.tlog
C:\Users\arpit\documents\visual studio 2010\Projects\socket_client\socket_client\Debug\CL.read.1.tlog
C:\Users\arpit\documents\visual studio 2010\Projects\socket_client\socket_client\Debug\CL.write.1.tlog
C:\USERS\ARPIT\DOCUMENTS\VISUAL STUDIO 2010\PROJECTS\SOCKET_CLIENT\SOCKET_CLIENT\DEBUG\FACECLASSIFIER.OBJ
C:\Users\arpit\documents\visual studio 2010\Projects\socket_client\socket_client\Debug\link.10096.read.1.tlog
C:\Users\arpit\documents\visual studio 2010\Projects\socket_client\socket_client\Debug\link.10096.write.1.tlog
C:\Users\arpit\documents\visual studio 2010\Projects\socket_client\socket_client\Debug\link.10096-cvtres.read.1.tlog
C:\Users\arpit\documents\visual studio 2010\Projects\socket_client\socket_client\Debug\link.10096-cvtres.write.1.tlog
C:\Users\arpit\documents\visual studio 2010\Projects\socket_client\socket_client\Debug\link.11260.read.1.tlog
C:\Users\arpit\documents\visual studio 2010\Projects\socket_client\socket_client\Debug\link.11260.write.1.tlog
C:\Users\arpit\documents\visual studio 2010\Projects\socket_client\socket_client\Debug\link.11260-cvtres.read.1.tlog
C:\Users\arpit\documents\visual studio 2010\Projects\socket_client\socket_client\Debug\link.11260-cvtres.write.1.tlog
C:\Users\arpit\documents\visual studio 2010\Projects\socket_client\socket_client\Debug\link.1304.read.1.tlog
C:\Users\arpit\documents\visual studio 2010\Projects\socket_client\socket_client\Debug\link.1304.write.1.tlog
C:\Users\arpit\documents\visual studio 2010\Projects\socket_client\socket_client\Debug\link.1304-cvtres.read.1.tlog
C:\Users\arpit\documents\visual studio 2010\Projects\socket_client\socket_client\Debug\link.1304-cvtres.write.1.tlog
C:\Users\arpit\documents\visual studio 2010\Projects\socket_client\socket_client\Debug\link.1756.read.1.tlog
C:\Users\arpit\documents\visual studio 2010\Projects\socket_client\socket_client\Debug\link.1756.write.1.tlog
C:\Users\arpit\documents\visual studio 2010\Projects\socket_client\socket_client\Debug\link.1756-cvtres.read.1.tlog
C:\Users\arpit\documents\visual studio 2010\Projects\socket_client\socket_client\Debug\link.1756-cvtres.write.1.tlog
C:\Users\arpit\documents\visual studio 2010\Projects\socket_client\socket_client\Debug\link.2004.read.1.tlog
C:\Users\arpit\documents\visual studio 2010\Projects\socket_client\socket_client\Debug\link.2004.write.1.tlog
C:\Users\arpit\documents\visual studio 2010\Projects\socket_client\socket_client\Debug\link.2004-cvtres.read.1.tlog
C:\Users\arpit\documents\visual studio 2010\Projects\socket_client\socket_client\Debug\link.2004-cvtres.write.1.tlog
C:\Users\arpit\documents\visual studio 2010\Projects\socket_client\socket_client\Debug\link.2272.read.1.tlog
C:\Users\arpit\documents\visual studio 2010\Projects\socket_client\socket_client\Debug\link.2272.write.1.tlog
C:\Users\arpit\documents\visual studio 2010\Projects\socket_client\socket_client\Debug\link.2272-cvtres.read.1.tlog
C:\Users\arpit\documents\visual studio 2010\Projects\socket_client\socket_client\Debug\link.2272-cvtres.write.1.tlog
C:\Users\arpit\documents\visual studio 2010\Projects\socket_client\socket_client\Debug\link.3284.read.1.tlog
C:\Users\arpit\documents\visual studio 2010\Projects\socket_client\socket_client\Debug\link.3284.write.1.tlog
C:\Users\arpit\documents\visual studio 2010\Projects\socket_client\socket_client\Debug\link.3284-cvtres.read.1.tlog
C:\Users\arpit\documents\visual studio 2010\Projects\socket_client\socket_client\Debug\link.3284-cvtres.write.1.tlog
C:\Users\arpit\documents\visual studio 2010\Projects\socket_client\socket_client\Debug\link.3348.read.1.tlog
C:\Users\arpit\documents\visual studio 2010\Projects\socket_client\socket_client\Debug\link.3348.write.1.tlog
C:\Users\arpit\documents\visual studio 2010\Projects\socket_client\socket_client\Debug\link.3348-cvtres.read.1.tlog
C:\Users\arpit\documents\visual studio 2010\Projects\socket_client\socket_client\Debug\link.3348-cvtres.write.1.tlog
C:\Users\arpit\documents\visual studio 2010\Projects\socket_client\socket_client\Debug\link.4672.read.1.tlog
C:\Users\arpit\documents\visual studio 2010\Projects\socket_client\socket_client\Debug\link.4672.write.1.tlog
C:\Users\arpit\documents\visual studio 2010\Projects\socket_client\socket_client\Debug\link.4672-cvtres.read.1.tlog
C:\Users\arpit\documents\visual studio 2010\Projects\socket_client\socket_client\Debug\link.4672-cvtres.write.1.tlog
C:\Users\arpit\documents\visual studio 2010\Projects\socket_client\socket_client\Debug\link.5628.read.1.tlog
C:\Users\arpit\documents\visual studio 2010\Projects\socket_client\socket_client\Debug\link.5628.write.1.tlog
C:\Users\arpit\documents\visual studio 2010\Projects\socket_client\socket_client\Debug\link.5628-cvtres.read.1.tlog
C:\Users\arpit\documents\visual studio 2010\Projects\socket_client\socket_client\Debug\link.5628-cvtres.write.1.tlog
C:\Users\arpit\documents\visual studio 2010\Projects\socket_client\socket_client\Debug\link.6048.read.1.tlog
C:\Users\arpit\documents\visual studio 2010\Projects\socket_client\socket_client\Debug\link.6048.write.1.tlog
C:\Users\arpit\documents\visual studio 2010\Projects\socket_client\socket_client\Debug\link.6048-cvtres.read.1.tlog
C:\Users\arpit\documents\visual studio 2010\Projects\socket_client\socket_client\Debug\link.6048-cvtres.write.1.tlog
C:\Users\arpit\documents\visual studio 2010\Projects\socket_client\socket_client\Debug\link.6208.read.1.tlog
C:\Users\arpit\documents\visual studio 2010\Projects\socket_client\socket_client\Debug\link.6208.write.1.tlog
C:\Users\arpit\documents\visual studio 2010\Projects\socket_client\socket_client\Debug\link.6208-cvtres.read.1.tlog
C:\Users\arpit\documents\visual studio 2010\Projects\socket_client\socket_client\Debug\link.6208-cvtres.write.1.tlog
C:\Users\arpit\documents\visual studio 2010\Projects\socket_client\socket_client\Debug\link.6304.read.1.tlog
C:\Users\arpit\documents\visual studio 2010\Projects\socket_client\socket_client\Debug\link.6304.write.1.tlog
C:\Users\arpit\documents\visual studio 2010\Projects\socket_client\socket_client\Debug\link.6304-cvtres.read.1.tlog
C:\Users\arpit\documents\visual studio 2010\Projects\socket_client\socket_client\Debug\link.6304-cvtres.write.1.tlog
C:\Users\arpit\documents\visual studio 2010\Projects\socket_client\socket_client\Debug\link.6880.read.1.tlog
C:\Users\arpit\documents\visual studio 2010\Projects\socket_client\socket_client\Debug\link.6880.write.1.tlog
C:\Users\arpit\documents\visual studio 2010\Projects\socket_client\socket_client\Debug\link.6880-cvtres.read.1.tlog
C:\Users\arpit\documents\visual studio 2010\Projects\socket_client\socket_client\Debug\link.6880-cvtres.write.1.tlog
C:\Users\arpit\documents\visual studio 2010\Projects\socket_client\socket_client\Debug\link.7132.read.1.tlog
C:\Users\arpit\documents\visual studio 2010\Projects\socket_client\socket_client\Debug\link.7132.write.1.tlog
C:\Users\arpit\documents\visual studio 2010\Projects\socket_client\socket_client\Debug\link.7132-cvtres.read.1.tlog
C:\Users\arpit\documents\visual studio 2010\Projects\socket_client\socket_client\Debug\link.7132-cvtres.write.1.tlog
C:\Users\arpit\documents\visual studio 2010\Projects\socket_client\socket_client\Debug\link.7500.read.1.tlog
C:\Users\arpit\documents\visual studio 2010\Projects\socket_client\socket_client\Debug\link.7500.write.1.tlog
C:\Users\arpit\documents\visual studio 2010\Projects\socket_client\socket_client\Debug\link.7500-cvtres.read.1.tlog
C:\Users\arpit\documents\visual studio 2010\Projects\socket_client\socket_client\Debug\link.7500-cvtres.write.1.tlog
C:\Users\arpit\documents\visual studio 2010\Projects\socket_client\socket_client\Debug\link.8064.read.1.tlog
C:\Users\arpit\documents\visual studio 2010\Projects\socket_client\socket_client\Debug\link.8064.write.1.tlog
C:\Users\arpit\documents\visual studio 2010\Projects\socket_client\socket_client\Debug\link.8064-cvtres.read.1.tlog
C:\Users\arpit\documents\visual studio 2010\Projects\socket_client\socket_client\Debug\link.8064-cvtres.write.1.tlog
C:\Users\arpit\documents\visual studio 2010\Projects\socket_client\socket_client\Debug\link.8508.read.1.tlog
C:\Users\arpit\documents\visual studio 2010\Projects\socket_client\socket_client\Debug\link.8508.write.1.tlog
C:\Users\arpit\documents\visual studio 2010\Projects\socket_client\socket_client\Debug\link.8508-cvtres.read.1.tlog
C:\Users\arpit\documents\visual studio 2010\Projects\socket_client\socket_client\Debug\link.8508-cvtres.write.1.tlog
C:\Users\arpit\documents\visual studio 2010\Projects\socket_client\socket_client\Debug\link.8832.read.1.tlog
C:\Users\arpit\documents\visual studio 2010\Projects\socket_client\socket_client\Debug\link.8832.write.1.tlog
C:\Users\arpit\documents\visual studio 2010\Projects\socket_client\socket_client\Debug\link.8832-cvtres.read.1.tlog
C:\Users\arpit\documents\visual studio 2010\Projects\socket_client\socket_client\Debug\link.8832-cvtres.write.1.tlog
C:\Users\arpit\documents\visual studio 2010\Projects\socket_client\socket_client\Debug\link.9172.read.1.tlog
C:\Users\arpit\documents\visual studio 2010\Projects\socket_client\socket_client\Debug\link.9172.write.1.tlog
C:\Users\arpit\documents\visual studio 2010\Projects\socket_client\socket_client\Debug\link.9172-cvtres.read.1.tlog
C:\Users\arpit\documents\visual studio 2010\Projects\socket_client\socket_client\Debug\link.9172-cvtres.write.1.tlog
C:\Users\arpit\documents\visual studio 2010\Projects\socket_client\socket_client\Debug\link.command.1.tlog
C:\Users\arpit\documents\visual studio 2010\Projects\socket_client\socket_client\Debug\link.read.1.tlog
C:\Users\arpit\documents\visual studio 2010\Projects\socket_client\socket_client\Debug\link.write.1.tlog
C:\Users\arpit\documents\visual studio 2010\Projects\socket_client\socket_client\Debug\link-cvtres.read.1.tlog
C:\Users\arpit\documents\visual studio 2010\Projects\socket_client\socket_client\Debug\link-cvtres.write.1.tlog
C:\Users\arpit\documents\visual studio 2010\Projects\socket_client\socket_client\Debug\mt.command.1.tlog
C:\Users\arpit\documents\visual studio 2010\Projects\socket_client\socket_client\Debug\mt.read.1.tlog
C:\Users\arpit\documents\visual studio 2010\Projects\socket_client\socket_client\Debug\mt.write.1.tlog
C:\Users\arpit\documents\visual studio 2010\Projects\socket_client\socket_client\Debug\rc.command.1.tlog
C:\Users\arpit\documents\visual studio 2010\Projects\socket_client\socket_client\Debug\rc.read.1.tlog
C:\Users\arpit\documents\visual studio 2010\Projects\socket_client\socket_client\Debug\rc.write.1.tlog
C:\USERS\ARPIT\DOCUMENTS\VISUAL STUDIO 2010\PROJECTS\SOCKET_CLIENT\SOCKET_CLIENT\DEBUG\SOCKET_CLIENT.EXE.EMBED.MANIFEST
C:\USERS\ARPIT\DOCUMENTS\VISUAL STUDIO 2010\PROJECTS\SOCKET_CLIENT\SOCKET_CLIENT\DEBUG\SOCKET_CLIENT.EXE.EMBED.MANIFEST.RES
C:\USERS\ARPIT\DOCUMENTS\VISUAL STUDIO 2010\PROJECTS\SOCKET_CLIENT\SOCKET_CLIENT\DEBUG\SOCKET_CLIENT.EXE.INTERMEDIATE.MANIFEST
C:\USERS\ARPIT\DOCUMENTS\VISUAL STUDIO 2010\PROJECTS\SOCKET_CLIENT\SOCKET_CLIENT\DEBUG\SOCKET_CLIENT.OBJ
C:\USERS\ARPIT\DOCUMENTS\VISUAL STUDIO 2010\PROJECTS\SOCKET_CLIENT\SOCKET_CLIENT\DEBUG\SOCKET_CLIENT.PCH
C:\Users\arpit\documents\visual studio 2010\Projects\socket_client\socket_client\Debug\socket_client_manifest.rc
C:\USERS\ARPIT\DOCUMENTS\VISUAL STUDIO 2010\PROJECTS\SOCKET_CLIENT\SOCKET_CLIENT\DEBUG\SOCKETSHELPER.OBJ
C:\USERS\ARPIT\DOCUMENTS\VISUAL STUDIO 2010\PROJECTS\SOCKET_CLIENT\SOCKET_CLIENT\DEBUG\STDAFX.OBJ
C:\Users\arpit\documents\visual studio 2010\Projects\socket_client\socket_client\Debug\vc100.idb
C:\USERS\ARPIT\DOCUMENTS\VISUAL STUDIO 2010\PROJECTS\SOCKET_CLIENT\SOCKET_CLIENT\DEBUG\VC100.PDB
C:\USERS\ARPIT\DOCUMENTS\VISUAL STUDIO 2010\PROJECTS\SOCKET_CLIENT\SOCKET_CLIENT\DEBUG\WALLPAPERANDMUSIC.OBJ
