Build started 29-11-2012 AM 01:26:02.
     1>Project "C:\Users\arpit\documents\visual studio 2010\Projects\socket_client\socket_client\socket_client.vcxproj" on node 2 (build target(s)).
     1>InitializeBuildStatus:
         Creating "Debug\socket_client.unsuccessfulbuild" because "AlwaysCreate" was specified.
       ClCompile:
         All outputs are up-to-date.
         C:\Program Files (x86)\Microsoft Visual Studio 10.0\VC\bin\CL.exe /c /ZI /nologo /W3 /WX- /Od /Oy- /D WIN32 /D _DEBUG /D _CONSOLE /D _UNICODE /D UNICODE /Gm /EHsc /RTC1 /MDd /GS /fp:precise /Zc:wchar_t /Zc:forScope /Yu"StdAfx.h" /Fp"Debug\socket_client.pch" /Fo"Debug\\" /Fd"Debug\vc100.pdb" /Gd /TP /analyze- /errorReport:prompt socket_client.cpp
         socket_client.cpp
     1>c:\opencv-2.3.1\opencv\build\include\opencv2\flann\logger.h(66): warning C4996: 'fopen': This function or variable may be unsafe. Consider using fopen_s instead. To disable deprecation, use _CRT_SECURE_NO_WARNINGS. See online help for details.
                 c:\program files (x86)\microsoft visual studio 10.0\vc\include\stdio.h(234) : see declaration of 'fopen'
     1>c:\opencv-2.3.1\opencv\build\include\opencv2\flann\flann.hpp(233): warning C4996: 'cv::flann::Index_<T>': was declared deprecated
                 c:\opencv-2.3.1\opencv\build\include\opencv2\flann\flann.hpp(278) : see reference to class template instantiation 'cv::flann::Index_<T>' being compiled
     1>c:\users\arpit\documents\visual studio 2010\projects\socket_client\socket_client\socket_client.cpp(21): warning C4482: nonstandard extension used: enum 'Mood' used in qualified name
     1>c:\users\arpit\documents\visual studio 2010\projects\socket_client\socket_client\socket_client.cpp(44): warning C4996: 'kbhit': The POSIX name for this item is deprecated. Instead, use the ISO C++ conformant name: _kbhit. See online help for details.
                 c:\program files (x86)\microsoft visual studio 10.0\vc\include\conio.h(130) : see declaration of 'kbhit'
     1>c:\users\arpit\documents\visual studio 2010\projects\socket_client\socket_client\socket_client.cpp(40): warning C4101: 'fractal' : unreferenced local variable
       ManifestResourceCompile:
         All outputs are up-to-date.
       Link:
         C:\Program Files (x86)\Microsoft Visual Studio 10.0\VC\bin\link.exe /ERRORREPORT:PROMPT /OUT:"C:\Users\arpit\documents\visual studio 2010\Projects\socket_client\Debug\socket_client.exe" /INCREMENTAL /NOLOGO opencv_calib3d231d.lib opencv_contrib231d.lib opencv_core231d.lib opencv_features2d231d.lib opencv_flann231d.lib opencv_gpu231d.lib opencv_highgui231d.lib opencv_imgproc231d.lib opencv_legacy231d.lib opencv_ml231d.lib opencv_objdetect231d.lib opencv_ts231d.lib opencv_video231d.lib kernel32.lib user32.lib gdi32.lib winspool.lib comdlg32.lib advapi32.lib shell32.lib ole32.lib oleaut32.lib uuid.lib odbc32.lib odbccp32.lib /MANIFEST /ManifestFile:"Debug\socket_client.exe.intermediate.manifest" /MANIFESTUAC:"level='asInvoker' uiAccess='false'" /DEBUG /PDB:"C:\Users\arpit\documents\visual studio 2010\Projects\socket_client\Debug\socket_client.pdb" /SUBSYSTEM:CONSOLE /TLBID:1 /DYNAMICBASE /NXCOMPAT /IMPLIB:"C:\Users\arpit\documents\visual studio 2010\Projects\socket_client\Debug\socket_client.lib" /MACHINE:X86 Debug\socket_client.exe.embed.manifest.res
         Debug\FaceClassifier.obj
         Debug\RandomArt.obj
         Debug\SocketsHelper.obj
         Debug\socket_client.obj
         Debug\stdafx.obj
         Debug\WallpaperAndMusic.obj
       Manifest:
         C:\Program Files (x86)\Microsoft SDKs\Windows\v7.0A\bin\mt.exe /nologo /verbose /out:"Debug\socket_client.exe.embed.manifest" /manifest Debug\socket_client.exe.intermediate.manifest
         All outputs are up-to-date.
       LinkEmbedManifest:
         All outputs are up-to-date.
         socket_client.vcxproj -> C:\Users\arpit\documents\visual studio 2010\Projects\socket_client\Debug\socket_client.exe
       FinalizeBuildStatus:
         Deleting file "Debug\socket_client.unsuccessfulbuild".
         Touching "Debug\socket_client.lastbuildstate".
     1>Done Building Project "C:\Users\arpit\documents\visual studio 2010\Projects\socket_client\socket_client\socket_client.vcxproj" (build target(s)).

Build succeeded.

Time Elapsed 00:00:04.20
